make all --print-data-base --no-builtin-variables --no-builtin-rules --question
# GNU Make 3.81
# Copyright (C) 2006  Free Software Foundation, Inc.
# This is free software; see the source for copying conditions.
# There is NO warranty; not even for MERCHANTABILITY or FITNESS FOR A
# PARTICULAR PURPOSE.

# This program built for i386-apple-darwin11.3.0

# Make data base, printed on Thu Jun  2 00:03:19 2022

# Variables

# automatic
<D = $(patsubst %/,%,$(dir $<))
# automatic
?F = $(notdir $?)
# environment
ELECTRON_NO_ATTACH_CONSOLE = 1
# environment
LC_CTYPE = UTF-8
# environment
VSCODE_LOG_NATIVE = false
# automatic
?D = $(patsubst %/,%,$(dir $?))
# automatic
@D = $(patsubst %/,%,$(dir $@))
# automatic
@F = $(notdir $@)
# makefile
CURDIR := /Users/federico.gutierrez/Develop/DowJones/servo/provider-poc/terraform-provider-servo
# makefile
SHELL = /bin/sh
# makefile (from `Makefile', line 3)
NAMESPACE = poc
# environment
VSCODE_NLS_CONFIG = {"locale":"en-us","availableLanguages":{},"_languagePackSupport":true}
# environment
_ = /usr/bin/make
# makefile (from `Makefile', line 1)
MAKEFILE_LIST :=  Makefile
# environment
VSCODE_AMD_ENTRYPOINT = vs/workbench/api/node/extensionHostProcess
# makefile (from `Makefile', line 6)
VERSION = 0.1
# environment
VSCODE_VERBOSE_LOGGING = true
# environment
__CFBundleIdentifier = com.microsoft.VSCode
# environment
VSCODE_IPC_HOOK_EXTHOST = /var/folders/qf/wp46rzxx35s2ndjff3z0nvw40000gq/T/vscode-ipc-2e49f434-cd1f-48d5-8310-130b826e5038.sock
# environment
VSCODE_CWD = /Users/federico.gutierrez/Develop/DowJones/servo/provider-poc/terraform-provider-servo
# environment
GOPROXY = https://proxy.golang.org,direct
# environment
PATH = /Users/federico.gutierrez/Downloads/google-cloud-sdk/bin:/Library/Frameworks/Python.framework/Versions/3.8/bin:/usr/local/bin:/usr/bin:/bin:/usr/sbin:/sbin:/usr/local/go/bin
# environment
GOPATH = /Users/federico.gutierrez/go
# environment
LaunchInstanceID = A2A79389-2456-46D0-BD65-0EFD214F4E53
# environment
VSCODE_LOG_STACK = false
# environment
ELECTRON_RUN_AS_NODE = 1
# default
.FEATURES := target-specific order-only second-expansion else-if archives jobserver check-symlink
# environment
SSH_AUTH_SOCK = /private/tmp/com.apple.launchd.zKF3ofiXVb/Listeners
# automatic
%F = $(notdir $%)
# environment
VSCODE_PIPE_LOGGING = true
# environment
PWD = /Users/federico.gutierrez/Develop/DowJones/servo/provider-poc/terraform-provider-servo
# environment
ORIGINAL_XDG_CURRENT_DESKTOP = undefined
# environment
GOMODCACHE = /Users/federico.gutierrez/go/pkg/mod
# environment
HOME = /Users/federico.gutierrez
# default
MAKEFILEPATH = $(shell /usr/bin/xcode-select -print-path 2>/dev/null || echo /Developer)/Makefiles
# environment
VSCODE_CLI = 1
# environment
VSCODE_CODE_CACHE_PATH = /Users/federico.gutierrez/Library/Application Support/Code/CachedData/c3511e6c69bb39013c4a4b7b9566ec1ca73fc4d5
# environment
LOGNAME = federico.gutierrez
# environment
APPLICATION_INSIGHTS_NO_DIAGNOSTIC_CHANNEL = true
# environment
NVM_CD_FLAGS = -q
# makefile (from `Makefile', line 7)
OS_ARCH = darwin_amd64
# environment
VSCODE_HANDLES_UNCAUGHT_ERRORS = true
# automatic
^D = $(patsubst %/,%,$(dir $^))
# makefile (from `Makefile', line 2)
HOSTNAME = local
# makefile (from `Makefile', line 1)
TEST = $$(go list ./... | grep -v 'vendor')
# environment
XPC_FLAGS = 0x0
# default
MAKE = $(MAKE_COMMAND)
# default
MAKECMDGOALS := all
# environment
SHLVL = 3
# default
MAKE_VERSION := 3.81
# environment
USER = federico.gutierrez
# makefile
.DEFAULT_GOAL := default
# environment
TERM_SESSION_ID = 55A72572-3954-44DE-AA5B-A537C662B87B
# makefile (from `Makefile', line 4)
NAME = servo
# automatic
%D = $(patsubst %/,%,$(dir $%))
# default
MAKE_COMMAND := /Library/Developer/CommandLineTools/usr/bin/make
# environment
TERM_PROGRAM = Apple_Terminal
# default
.VARIABLES := 
# environment
TMPDIR = /var/folders/qf/wp46rzxx35s2ndjff3z0nvw40000gq/T/
# automatic
*F = $(notdir $*)
# environment
VSCODE_IPC_HOOK = /Users/federico.gutierrez/Library/Application Support/Code/1.67.2-main.sock
# makefile
MAKEFLAGS = Rrqp
# environment
MFLAGS = -Rrqp
# automatic
*D = $(patsubst %/,%,$(dir $*))
# environment
TERM_PROGRAM_VERSION = 444
# environment
NVM_DIR = /Users/federico.gutierrez/.nvm
# environment
XPC_SERVICE_NAME = application.com.microsoft.VSCode.37356020.37356026.9073A45A-95D6-4D28-9C1F-D1F7846BFE0C
# automatic
+D = $(patsubst %/,%,$(dir $+))
# automatic
+F = $(notdir $+)
# environment
__CF_USER_TEXT_ENCODING = 0x1F7:0x0:0x0
# environment
COMMAND_MODE = unix2003
# default
MAKEFILES := 
# automatic
<F = $(notdir $<)
# makefile (from `Makefile', line 5)
BINARY = terraform-provider-${NAME}
# environment
LC_ALL = C
# environment
SECURITYSESSIONID = 186a6
# automatic
^F = $(notdir $^)
# default
SUFFIXES := 
# default
.INCLUDE_DIRS = /usr/local/include
# environment
MAKELEVEL := 0
# environment
LANG = C
# environment
TERM = xterm-256color
# environment
VSCODE_PID = 10651
# variable set hash-table stats:
# Load=83/1024=8%, Rehash=0, Collisions=5/108=5%

# Pattern-specific Variable Values

# No pattern-specific variable values.

# Directories

# . (device 16777222, inode 39625515): 14 files, no impossibilities.

# 14 files, no impossibilities in 1 directories.

# Implicit Rules

# No implicit rules.

# Files

testacc:
#  Implicit rule search has not been done.
#  Modification time never checked.
#  File has not been updated.
#  commands to execute (from `Makefile', line 37):
	TF_ACC=1 go test $(TEST) -v $(TESTARGS) -timeout 120m   
	

# Not a target:
all:
#  Command-line target.
#  Implicit rule search has been done.
#  File does not exist.
#  File has not been updated.
# variable set hash-table stats:
# Load=0/32=0%, Rehash=0, Collisions=0/0=0%

# Not a target:
.SUFFIXES:
#  Implicit rule search has not been done.
#  Modification time never checked.
#  File has not been updated.

# Not a target:
Makefile:
#  Implicit rule search has been done.
#  Last modified 2022-05-31 23:02:28
#  File has been updated.
#  Successfully updated.
# variable set hash-table stats:
# Load=0/32=0%, Rehash=0, Collisions=0/0=0%

test:
#  Implicit rule search has not been done.
#  Modification time never checked.
#  File has not been updated.
#  commands to execute (from `Makefile', line 33):
	go test -i $(TEST) || exit 1                                                   
	echo $(TEST) | xargs -t -n4 go test $(TESTARGS) -timeout=30s -parallel=4                    
	

build:
#  Implicit rule search has not been done.
#  Modification time never checked.
#  File has not been updated.
#  commands to execute (from `Makefile', line 12):
	go build -o ${BINARY}
	

default: install
#  Implicit rule search has not been done.
#  Modification time never checked.
#  File has not been updated.

release:
#  Implicit rule search has not been done.
#  Modification time never checked.
#  File has not been updated.
#  commands to execute (from `Makefile', line 15):
	GOOS=darwin GOARCH=amd64 go build -o ./bin/${BINARY}_${VERSION}_darwin_amd64
	GOOS=freebsd GOARCH=386 go build -o ./bin/${BINARY}_${VERSION}_freebsd_386
	GOOS=freebsd GOARCH=amd64 go build -o ./bin/${BINARY}_${VERSION}_freebsd_amd64
	GOOS=freebsd GOARCH=arm go build -o ./bin/${BINARY}_${VERSION}_freebsd_arm
	GOOS=linux GOARCH=386 go build -o ./bin/${BINARY}_${VERSION}_linux_386
	GOOS=linux GOARCH=amd64 go build -o ./bin/${BINARY}_${VERSION}_linux_amd64
	GOOS=linux GOARCH=arm go build -o ./bin/${BINARY}_${VERSION}_linux_arm
	GOOS=openbsd GOARCH=386 go build -o ./bin/${BINARY}_${VERSION}_openbsd_386
	GOOS=openbsd GOARCH=amd64 go build -o ./bin/${BINARY}_${VERSION}_openbsd_amd64
	GOOS=solaris GOARCH=amd64 go build -o ./bin/${BINARY}_${VERSION}_solaris_amd64
	GOOS=windows GOARCH=386 go build -o ./bin/${BINARY}_${VERSION}_windows_386
	GOOS=windows GOARCH=amd64 go build -o ./bin/${BINARY}_${VERSION}_windows_amd64
	

# Not a target:
.DEFAULT:
#  Implicit rule search has not been done.
#  Modification time never checked.
#  File has not been updated.

install: build
#  Implicit rule search has not been done.
#  Modification time never checked.
#  File has not been updated.
#  commands to execute (from `Makefile', line 29):
	mkdir -p ~/.terraform.d/plugins/${HOSTNAME}/${NAMESPACE}/${NAME}/${VERSION}/${OS_ARCH}
 
make: *** No rule to make target `all'.  Stop.

	mv ${BINARY} ~/.terraform.d/plugins/${HOSTNAME}/${NAMESPACE}/${NAME}/${VERSION}/${OS_ARCH}
	

# files hash-table stats:
# Load=10/1024=1%, Rehash=0, Collisions=0/24=0%
# VPATH Search Paths

# No `vpath' search paths.

# No general (`VPATH' variable) search path.

# # of strings in strcache: 1
# # of strcache buffers: 1
# strcache size: total = 4096 / max = 4096 / min = 4096 / avg = 4096
# strcache free: total = 4087 / max = 4087 / min = 4087 / avg = 4087

# Finished Make data base on Thu Jun  2 00:03:19 2022

 
